android/app/build/intermediates/manifest_merge_blame_file/debug/processDebugMainManifest/manifest-merger-blame-debug-report.txt
1<?xml version="1.0" encoding="utf-8"?>
2<manifest xmlns:android="http://schemas.android.com/apk/res/android"
3    package="com.tusharsharmaaa.aitoolslist"
4    android:versionCode="1"
5    android:versionName="1.0" >
6
7    <uses-sdk
8        android:minSdkVersion="23"
9        android:targetSdkVersion="35" />
10
11    <!-- Permissions -->
12
13    <uses-permission android:name="android.permission.INTERNET" />
13-->src/main/AndroidManifest.xml:45:5-67
13-->src/main/AndroidManifest.xml:45:22-64
14    <uses-permission android:name="android.permission.ACCESS_NETWORK_STATE" />
14-->[:capacitor-community-admob] AndroidManifest.xml:7:5-79
14-->[:capacitor-community-admob] AndroidManifest.xml:7:22-76
15    <uses-permission android:name="com.google.android.gms.permission.AD_ID" />
15-->[com.google.android.gms:play-services-ads-lite:23.0.0] AndroidManifest.xml:26:5-79
15-->[com.google.android.gms:play-services-ads-lite:23.0.0] AndroidManifest.xml:26:22-76
16    <uses-permission android:name="android.permission.ACCESS_ADSERVICES_AD_ID" />
16-->[com.google.android.gms:play-services-ads-lite:23.0.0] AndroidManifest.xml:27:5-82
16-->[com.google.android.gms:play-services-ads-lite:23.0.0] AndroidManifest.xml:27:22-79
17    <uses-permission android:name="android.permission.ACCESS_ADSERVICES_ATTRIBUTION" />
17-->[com.google.android.gms:play-services-ads-lite:23.0.0] AndroidManifest.xml:28:5-88
17-->[com.google.android.gms:play-services-ads-lite:23.0.0] AndroidManifest.xml:28:22-85
18    <uses-permission android:name="android.permission.ACCESS_ADSERVICES_TOPICS" /> <!-- Android package visibility setting -->
18-->[com.google.android.gms:play-services-ads-lite:23.0.0] AndroidManifest.xml:29:5-83
18-->[com.google.android.gms:play-services-ads-lite:23.0.0] AndroidManifest.xml:29:22-80
19    <queries>
19-->[com.google.android.gms:play-services-ads-lite:23.0.0] AndroidManifest.xml:35:5-51:15
20
21        <!-- For browser content -->
22        <intent>
22-->[com.google.android.gms:play-services-ads-lite:23.0.0] AndroidManifest.xml:38:9-44:18
23            <action android:name="android.intent.action.VIEW" />
23-->[com.google.android.gms:play-services-ads-lite:23.0.0] AndroidManifest.xml:39:13-65
23-->[com.google.android.gms:play-services-ads-lite:23.0.0] AndroidManifest.xml:39:21-62
24
25            <category android:name="android.intent.category.BROWSABLE" />
25-->[com.google.android.gms:play-services-ads-lite:23.0.0] AndroidManifest.xml:41:13-74
25-->[com.google.android.gms:play-services-ads-lite:23.0.0] AndroidManifest.xml:41:23-71
26
27            <data android:scheme="https" />
27-->[com.google.android.gms:play-services-ads-lite:23.0.0] AndroidManifest.xml:43:13-44
27-->[com.google.android.gms:play-services-ads-lite:23.0.0] AndroidManifest.xml:43:19-41
28        </intent>
29        <!-- End of browser content -->
30        <!-- For CustomTabsService -->
31        <intent>
31-->[com.google.android.gms:play-services-ads-lite:23.0.0] AndroidManifest.xml:47:9-49:18
32            <action android:name="android.support.customtabs.action.CustomTabsService" />
32-->[com.google.android.gms:play-services-ads-lite:23.0.0] AndroidManifest.xml:48:13-90
32-->[com.google.android.gms:play-services-ads-lite:23.0.0] AndroidManifest.xml:48:21-87
33        </intent>
34        <!-- End of CustomTabsService -->
35    </queries>
36
37    <uses-permission android:name="android.permission.WAKE_LOCK" />
37-->[com.google.android.gms:play-services-measurement-sdk-api:20.1.2] AndroidManifest.xml:25:5-68
37-->[com.google.android.gms:play-services-measurement-sdk-api:20.1.2] AndroidManifest.xml:25:22-65
38    <uses-permission android:name="android.permission.FOREGROUND_SERVICE" />
38-->[androidx.work:work-runtime:2.7.0] AndroidManifest.xml:28:5-77
38-->[androidx.work:work-runtime:2.7.0] AndroidManifest.xml:28:22-74
39
40    <permission
40-->[androidx.core:core:1.15.0] AndroidManifest.xml:22:5-24:47
41        android:name="com.tusharsharmaaa.aitoolslist.DYNAMIC_RECEIVER_NOT_EXPORTED_PERMISSION"
41-->[androidx.core:core:1.15.0] AndroidManifest.xml:23:9-81
42        android:protectionLevel="signature" />
42-->[androidx.core:core:1.15.0] AndroidManifest.xml:24:9-44
43
44    <uses-permission android:name="com.tusharsharmaaa.aitoolslist.DYNAMIC_RECEIVER_NOT_EXPORTED_PERMISSION" />
44-->[androidx.core:core:1.15.0] AndroidManifest.xml:26:5-97
44-->[androidx.core:core:1.15.0] AndroidManifest.xml:26:22-94
45
46    <application
46-->src/main/AndroidManifest.xml:4:4-41:15
47        android:allowBackup="true"
47-->src/main/AndroidManifest.xml:5:5-31
48        android:appComponentFactory="androidx.core.app.CoreComponentFactory"
48-->[androidx.core:core:1.15.0] AndroidManifest.xml:28:18-86
49        android:debuggable="true"
50        android:extractNativeLibs="false"
51        android:icon="@mipmap/ic_launcher"
51-->src/main/AndroidManifest.xml:6:5-39
52        android:label="@string/app_name"
52-->src/main/AndroidManifest.xml:7:5-37
53        android:roundIcon="@mipmap/ic_launcher_round"
53-->src/main/AndroidManifest.xml:8:5-50
54        android:supportsRtl="true"
54-->src/main/AndroidManifest.xml:9:5-31
55        android:testOnly="true"
56        android:theme="@style/AppTheme" >
56-->src/main/AndroidManifest.xml:10:5-36
57        <meta-data
57-->src/main/AndroidManifest.xml:12:5-14:66
58            android:name="com.google.android.gms.ads.APPLICATION_ID"
58-->src/main/AndroidManifest.xml:13:9-65
59            android:value="ca-app-pub-2816806517862101~1788582868" />
59-->src/main/AndroidManifest.xml:14:9-63
60
61        <activity
61-->src/main/AndroidManifest.xml:16:5-29:16
62            android:name="com.tusharsharmaaa.aitoolslist.MainActivity"
62-->src/main/AndroidManifest.xml:18:9-37
63            android:configChanges="orientation|keyboardHidden|keyboard|screenSize|locale|smallestScreenSize|screenLayout|uiMode|navigation"
63-->src/main/AndroidManifest.xml:17:9-136
64            android:exported="true"
64-->src/main/AndroidManifest.xml:22:9-32
65            android:label="@string/title_activity_main"
65-->src/main/AndroidManifest.xml:19:9-52
66            android:launchMode="singleTask"
66-->src/main/AndroidManifest.xml:21:9-40
67            android:theme="@style/AppTheme.NoActionBarLaunch" >
67-->src/main/AndroidManifest.xml:20:9-58
68            <intent-filter>
68-->src/main/AndroidManifest.xml:24:9-27:25
69                <action android:name="android.intent.action.MAIN" />
69-->src/main/AndroidManifest.xml:25:13-65
69-->src/main/AndroidManifest.xml:25:21-62
70
71                <category android:name="android.intent.category.LAUNCHER" />
71-->src/main/AndroidManifest.xml:26:13-73
71-->src/main/AndroidManifest.xml:26:23-70
72            </intent-filter>
73        </activity>
74
75        <provider
76            android:name="androidx.core.content.FileProvider"
76-->src/main/AndroidManifest.xml:32:9-58
77            android:authorities="com.tusharsharmaaa.aitoolslist.fileprovider"
77-->src/main/AndroidManifest.xml:33:9-60
78            android:exported="false"
78-->src/main/AndroidManifest.xml:34:9-33
79            android:grantUriPermissions="true" >
79-->src/main/AndroidManifest.xml:35:9-43
80            <meta-data
80-->src/main/AndroidManifest.xml:36:9-38:50
81                android:name="android.support.FILE_PROVIDER_PATHS"
81-->src/main/AndroidManifest.xml:37:13-63
82                android:resource="@xml/file_paths" />
82-->src/main/AndroidManifest.xml:38:13-47
83        </provider>
84
85        <!-- Include the AdActivity and InAppPurchaseActivity configChanges and themes. -->
86        <activity
86-->[com.google.android.gms:play-services-ads-lite:23.0.0] AndroidManifest.xml:56:9-61:43
87            android:name="com.google.android.gms.ads.AdActivity"
87-->[com.google.android.gms:play-services-ads-lite:23.0.0] AndroidManifest.xml:57:13-65
88            android:configChanges="keyboard|keyboardHidden|orientation|screenLayout|uiMode|screenSize|smallestScreenSize"
88-->[com.google.android.gms:play-services-ads-lite:23.0.0] AndroidManifest.xml:58:13-122
89            android:exported="false"
89-->[com.google.android.gms:play-services-ads-lite:23.0.0] AndroidManifest.xml:59:13-37
90            android:theme="@android:style/Theme.Translucent" />
90-->[com.google.android.gms:play-services-ads-lite:23.0.0] AndroidManifest.xml:60:13-61
91
92        <provider
92-->[com.google.android.gms:play-services-ads-lite:23.0.0] AndroidManifest.xml:63:9-68:43
93            android:name="com.google.android.gms.ads.MobileAdsInitProvider"
93-->[com.google.android.gms:play-services-ads-lite:23.0.0] AndroidManifest.xml:64:13-76
94            android:authorities="com.tusharsharmaaa.aitoolslist.mobileadsinitprovider"
94-->[com.google.android.gms:play-services-ads-lite:23.0.0] AndroidManifest.xml:65:13-73
95            android:exported="false"
95-->[com.google.android.gms:play-services-ads-lite:23.0.0] AndroidManifest.xml:66:13-37
96            android:initOrder="100" />
96-->[com.google.android.gms:play-services-ads-lite:23.0.0] AndroidManifest.xml:67:13-36
97
98        <service
98-->[com.google.android.gms:play-services-ads-lite:23.0.0] AndroidManifest.xml:70:9-74:43
99            android:name="com.google.android.gms.ads.AdService"
99-->[com.google.android.gms:play-services-ads-lite:23.0.0] AndroidManifest.xml:71:13-64
100            android:enabled="true"
100-->[com.google.android.gms:play-services-ads-lite:23.0.0] AndroidManifest.xml:72:13-35
101            android:exported="false" />
101-->[com.google.android.gms:play-services-ads-lite:23.0.0] AndroidManifest.xml:73:13-37
102
103        <activity
103-->[com.google.android.gms:play-services-ads-lite:23.0.0] AndroidManifest.xml:76:9-80:43
104            android:name="com.google.android.gms.ads.OutOfContextTestingActivity"
104-->[com.google.android.gms:play-services-ads-lite:23.0.0] AndroidManifest.xml:77:13-82
105            android:configChanges="keyboard|keyboardHidden|orientation|screenLayout|uiMode|screenSize|smallestScreenSize"
105-->[com.google.android.gms:play-services-ads-lite:23.0.0] AndroidManifest.xml:78:13-122
106            android:exported="false" />
106-->[com.google.android.gms:play-services-ads-lite:23.0.0] AndroidManifest.xml:79:13-37
107        <activity
107-->[com.google.android.gms:play-services-ads-lite:23.0.0] AndroidManifest.xml:81:9-88:43
108            android:name="com.google.android.gms.ads.NotificationHandlerActivity"
108-->[com.google.android.gms:play-services-ads-lite:23.0.0] AndroidManifest.xml:82:13-82
109            android:excludeFromRecents="true"
109-->[com.google.android.gms:play-services-ads-lite:23.0.0] AndroidManifest.xml:83:13-46
110            android:exported="false"
110-->[com.google.android.gms:play-services-ads-lite:23.0.0] AndroidManifest.xml:84:13-37
111            android:launchMode="singleTask"
111-->[com.google.android.gms:play-services-ads-lite:23.0.0] AndroidManifest.xml:85:13-44
112            android:taskAffinity=""
112-->[com.google.android.gms:play-services-ads-lite:23.0.0] AndroidManifest.xml:86:13-36
113            android:theme="@android:style/Theme.Translucent.NoTitleBar" />
113-->[com.google.android.gms:play-services-ads-lite:23.0.0] AndroidManifest.xml:87:13-72
114
115        <property
115-->[com.google.android.gms:play-services-ads-lite:23.0.0] AndroidManifest.xml:90:9-92:62
116            android:name="android.adservices.AD_SERVICES_CONFIG"
116-->[com.google.android.gms:play-services-ads-lite:23.0.0] AndroidManifest.xml:91:13-65
117            android:resource="@xml/gma_ad_services_config" />
117-->[com.google.android.gms:play-services-ads-lite:23.0.0] AndroidManifest.xml:92:13-59
118
119        <activity
119-->[com.google.android.gms:play-services-base:18.0.0] AndroidManifest.xml:20:9-22:45
120            android:name="com.google.android.gms.common.api.GoogleApiActivity"
120-->[com.google.android.gms:play-services-base:18.0.0] AndroidManifest.xml:20:19-85
121            android:exported="false"
121-->[com.google.android.gms:play-services-base:18.0.0] AndroidManifest.xml:22:19-43
122            android:theme="@android:style/Theme.Translucent.NoTitleBar" />
122-->[com.google.android.gms:play-services-base:18.0.0] AndroidManifest.xml:21:19-78
123
124        <meta-data
124-->[com.google.android.gms:play-services-basement:18.2.0] AndroidManifest.xml:21:9-23:69
125            android:name="com.google.android.gms.version"
125-->[com.google.android.gms:play-services-basement:18.2.0] AndroidManifest.xml:22:13-58
126            android:value="@integer/google_play_services_version" />
126-->[com.google.android.gms:play-services-basement:18.2.0] AndroidManifest.xml:23:13-66
127
128        <provider
128-->[androidx.emoji2:emoji2:1.3.0] AndroidManifest.xml:24:9-32:20
129            android:name="androidx.startup.InitializationProvider"
129-->[androidx.emoji2:emoji2:1.3.0] AndroidManifest.xml:25:13-67
130            android:authorities="com.tusharsharmaaa.aitoolslist.androidx-startup"
130-->[androidx.emoji2:emoji2:1.3.0] AndroidManifest.xml:26:13-68
131            android:exported="false" >
131-->[androidx.emoji2:emoji2:1.3.0] AndroidManifest.xml:27:13-37
132            <meta-data
132-->[androidx.emoji2:emoji2:1.3.0] AndroidManifest.xml:29:13-31:52
133                android:name="androidx.emoji2.text.EmojiCompatInitializer"
133-->[androidx.emoji2:emoji2:1.3.0] AndroidManifest.xml:30:17-75
134                android:value="androidx.startup" />
134-->[androidx.emoji2:emoji2:1.3.0] AndroidManifest.xml:31:17-49
135            <meta-data
135-->[androidx.work:work-runtime:2.7.0] AndroidManifest.xml:36:13-38:52
136                android:name="androidx.work.WorkManagerInitializer"
136-->[androidx.work:work-runtime:2.7.0] AndroidManifest.xml:37:17-68
137                android:value="androidx.startup" />
137-->[androidx.work:work-runtime:2.7.0] AndroidManifest.xml:38:17-49
138            <meta-data
138-->[androidx.lifecycle:lifecycle-process:2.6.2] AndroidManifest.xml:29:13-31:52
139                android:name="androidx.lifecycle.ProcessLifecycleInitializer"
139-->[androidx.lifecycle:lifecycle-process:2.6.2] AndroidManifest.xml:30:17-78
140                android:value="androidx.startup" />
140-->[androidx.lifecycle:lifecycle-process:2.6.2] AndroidManifest.xml:31:17-49
141            <meta-data
141-->[androidx.profileinstaller:profileinstaller:1.3.1] AndroidManifest.xml:29:13-31:52
142                android:name="androidx.profileinstaller.ProfileInstallerInitializer"
142-->[androidx.profileinstaller:profileinstaller:1.3.1] AndroidManifest.xml:30:17-85
143                android:value="androidx.startup" />
143-->[androidx.profileinstaller:profileinstaller:1.3.1] AndroidManifest.xml:31:17-49
144        </provider>
145
146        <uses-library
146-->[androidx.privacysandbox.ads:ads-adservices:1.0.0-beta05] AndroidManifest.xml:23:9-25:40
147            android:name="android.ext.adservices"
147-->[androidx.privacysandbox.ads:ads-adservices:1.0.0-beta05] AndroidManifest.xml:24:13-50
148            android:required="false" />
148-->[androidx.privacysandbox.ads:ads-adservices:1.0.0-beta05] AndroidManifest.xml:25:13-37
149
150        <service
150-->[androidx.work:work-runtime:2.7.0] AndroidManifest.xml:41:9-46:35
151            android:name="androidx.work.impl.background.systemalarm.SystemAlarmService"
151-->[androidx.work:work-runtime:2.7.0] AndroidManifest.xml:42:13-88
152            android:directBootAware="false"
152-->[androidx.work:work-runtime:2.7.0] AndroidManifest.xml:43:13-44
153            android:enabled="@bool/enable_system_alarm_service_default"
153-->[androidx.work:work-runtime:2.7.0] AndroidManifest.xml:44:13-72
154            android:exported="false" />
154-->[androidx.work:work-runtime:2.7.0] AndroidManifest.xml:45:13-37
155        <service
155-->[androidx.work:work-runtime:2.7.0] AndroidManifest.xml:47:9-53:35
156            android:name="androidx.work.impl.background.systemjob.SystemJobService"
156-->[androidx.work:work-runtime:2.7.0] AndroidManifest.xml:48:13-84
157            android:directBootAware="false"
157-->[androidx.work:work-runtime:2.7.0] AndroidManifest.xml:49:13-44
158            android:enabled="@bool/enable_system_job_service_default"
158-->[androidx.work:work-runtime:2.7.0] AndroidManifest.xml:50:13-70
159            android:exported="true"
159-->[androidx.work:work-runtime:2.7.0] AndroidManifest.xml:51:13-36
160            android:permission="android.permission.BIND_JOB_SERVICE" />
160-->[androidx.work:work-runtime:2.7.0] AndroidManifest.xml:52:13-69
161        <service
161-->[androidx.work:work-runtime:2.7.0] AndroidManifest.xml:54:9-59:35
162            android:name="androidx.work.impl.foreground.SystemForegroundService"
162-->[androidx.work:work-runtime:2.7.0] AndroidManifest.xml:55:13-81
163            android:directBootAware="false"
163-->[androidx.work:work-runtime:2.7.0] AndroidManifest.xml:56:13-44
164            android:enabled="@bool/enable_system_foreground_service_default"
164-->[androidx.work:work-runtime:2.7.0] AndroidManifest.xml:57:13-77
165            android:exported="false" />
165-->[androidx.work:work-runtime:2.7.0] AndroidManifest.xml:58:13-37
166
167        <receiver
167-->[androidx.work:work-runtime:2.7.0] AndroidManifest.xml:61:9-66:35
168            android:name="androidx.work.impl.utils.ForceStopRunnable$BroadcastReceiver"
168-->[androidx.work:work-runtime:2.7.0] AndroidManifest.xml:62:13-88
169            android:directBootAware="false"
169-->[androidx.work:work-runtime:2.7.0] AndroidManifest.xml:63:13-44
170            android:enabled="true"
170-->[androidx.work:work-runtime:2.7.0] AndroidManifest.xml:64:13-35
171            android:exported="false" />
171-->[androidx.work:work-runtime:2.7.0] AndroidManifest.xml:65:13-37
172        <receiver
172-->[androidx.work:work-runtime:2.7.0] AndroidManifest.xml:67:9-77:20
173            android:name="androidx.work.impl.background.systemalarm.ConstraintProxy$BatteryChargingProxy"
173-->[androidx.work:work-runtime:2.7.0] AndroidManifest.xml:68:13-106
174            android:directBootAware="false"
174-->[androidx.work:work-runtime:2.7.0] AndroidManifest.xml:69:13-44
175            android:enabled="false"
175-->[androidx.work:work-runtime:2.7.0] AndroidManifest.xml:70:13-36
176            android:exported="false" >
176-->[androidx.work:work-runtime:2.7.0] AndroidManifest.xml:71:13-37
177            <intent-filter>
177-->[androidx.work:work-runtime:2.7.0] AndroidManifest.xml:73:13-76:29
178                <action android:name="android.intent.action.ACTION_POWER_CONNECTED" />
178-->[androidx.work:work-runtime:2.7.0] AndroidManifest.xml:74:17-87
178-->[androidx.work:work-runtime:2.7.0] AndroidManifest.xml:74:25-84
179                <action android:name="android.intent.action.ACTION_POWER_DISCONNECTED" />
179-->[androidx.work:work-runtime:2.7.0] AndroidManifest.xml:75:17-90
179-->[androidx.work:work-runtime:2.7.0] AndroidManifest.xml:75:25-87
180            </intent-filter>
181        </receiver>
182        <receiver
182-->[androidx.work:work-runtime:2.7.0] AndroidManifest.xml:78:9-88:20
183            android:name="androidx.work.impl.background.systemalarm.ConstraintProxy$BatteryNotLowProxy"
183-->[androidx.work:work-runtime:2.7.0] AndroidManifest.xml:79:13-104
184            android:directBootAware="false"
184-->[androidx.work:work-runtime:2.7.0] AndroidManifest.xml:80:13-44
185            android:enabled="false"
185-->[androidx.work:work-runtime:2.7.0] AndroidManifest.xml:81:13-36
186            android:exported="false" >
186-->[androidx.work:work-runtime:2.7.0] AndroidManifest.xml:82:13-37
187            <intent-filter>
187-->[androidx.work:work-runtime:2.7.0] AndroidManifest.xml:84:13-87:29
188                <action android:name="android.intent.action.BATTERY_OKAY" />
188-->[androidx.work:work-runtime:2.7.0] AndroidManifest.xml:85:17-77
188-->[androidx.work:work-runtime:2.7.0] AndroidManifest.xml:85:25-74
189                <action android:name="android.intent.action.BATTERY_LOW" />
189-->[androidx.work:work-runtime:2.7.0] AndroidManifest.xml:86:17-76
189-->[androidx.work:work-runtime:2.7.0] AndroidManifest.xml:86:25-73
190            </intent-filter>
191        </receiver>
192        <receiver
192-->[androidx.work:work-runtime:2.7.0] AndroidManifest.xml:89:9-99:20
193            android:name="androidx.work.impl.background.systemalarm.ConstraintProxy$StorageNotLowProxy"
193-->[androidx.work:work-runtime:2.7.0] AndroidManifest.xml:90:13-104
194            android:directBootAware="false"
194-->[androidx.work:work-runtime:2.7.0] AndroidManifest.xml:91:13-44
195            android:enabled="false"
195-->[androidx.work:work-runtime:2.7.0] AndroidManifest.xml:92:13-36
196            android:exported="false" >
196-->[androidx.work:work-runtime:2.7.0] AndroidManifest.xml:93:13-37
197            <intent-filter>
197-->[androidx.work:work-runtime:2.7.0] AndroidManifest.xml:95:13-98:29
198                <action android:name="android.intent.action.DEVICE_STORAGE_LOW" />
198-->[androidx.work:work-runtime:2.7.0] AndroidManifest.xml:96:17-83
198-->[androidx.work:work-runtime:2.7.0] AndroidManifest.xml:96:25-80
199                <action android:name="android.intent.action.DEVICE_STORAGE_OK" />
199-->[androidx.work:work-runtime:2.7.0] AndroidManifest.xml:97:17-82
199-->[androidx.work:work-runtime:2.7.0] AndroidManifest.xml:97:25-79
200            </intent-filter>
201        </receiver>
202        <receiver
202-->[androidx.work:work-runtime:2.7.0] AndroidManifest.xml:100:9-109:20
203            android:name="androidx.work.impl.background.systemalarm.ConstraintProxy$NetworkStateProxy"
203-->[androidx.work:work-runtime:2.7.0] AndroidManifest.xml:101:13-103
204            android:directBootAware="false"
204-->[androidx.work:work-runtime:2.7.0] AndroidManifest.xml:102:13-44
205            android:enabled="false"
205-->[androidx.work:work-runtime:2.7.0] AndroidManifest.xml:103:13-36
206            android:exported="false" >
206-->[androidx.work:work-runtime:2.7.0] AndroidManifest.xml:104:13-37
207            <intent-filter>
207-->[androidx.work:work-runtime:2.7.0] AndroidManifest.xml:106:13-108:29
208                <action android:name="android.net.conn.CONNECTIVITY_CHANGE" />
208-->[androidx.work:work-runtime:2.7.0] AndroidManifest.xml:107:17-79
208-->[androidx.work:work-runtime:2.7.0] AndroidManifest.xml:107:25-76
209            </intent-filter>
210        </receiver>
211        <receiver
211-->[androidx.work:work-runtime:2.7.0] AndroidManifest.xml:110:9-121:20
212            android:name="androidx.work.impl.background.systemalarm.RescheduleReceiver"
212-->[androidx.work:work-runtime:2.7.0] AndroidManifest.xml:111:13-88
213            android:directBootAware="false"
213-->[androidx.work:work-runtime:2.7.0] AndroidManifest.xml:112:13-44
214            android:enabled="false"
214-->[androidx.work:work-runtime:2.7.0] AndroidManifest.xml:113:13-36
215            android:exported="false" >
215-->[androidx.work:work-runtime:2.7.0] AndroidManifest.xml:114:13-37
216            <intent-filter>
216-->[androidx.work:work-runtime:2.7.0] AndroidManifest.xml:116:13-120:29
217                <action android:name="android.intent.action.BOOT_COMPLETED" />
217-->[androidx.work:work-runtime:2.7.0] AndroidManifest.xml:117:17-79
217-->[androidx.work:work-runtime:2.7.0] AndroidManifest.xml:117:25-76
218                <action android:name="android.intent.action.TIME_SET" />
218-->[androidx.work:work-runtime:2.7.0] AndroidManifest.xml:118:17-73
218-->[androidx.work:work-runtime:2.7.0] AndroidManifest.xml:118:25-70
219                <action android:name="android.intent.action.TIMEZONE_CHANGED" />
219-->[androidx.work:work-runtime:2.7.0] AndroidManifest.xml:119:17-81
219-->[androidx.work:work-runtime:2.7.0] AndroidManifest.xml:119:25-78
220            </intent-filter>
221        </receiver>
222        <receiver
222-->[androidx.work:work-runtime:2.7.0] AndroidManifest.xml:122:9-131:20
223            android:name="androidx.work.impl.background.systemalarm.ConstraintProxyUpdateReceiver"
223-->[androidx.work:work-runtime:2.7.0] AndroidManifest.xml:123:13-99
224            android:directBootAware="false"
224-->[androidx.work:work-runtime:2.7.0] AndroidManifest.xml:124:13-44
225            android:enabled="@bool/enable_system_alarm_service_default"
225-->[androidx.work:work-runtime:2.7.0] AndroidManifest.xml:125:13-72
226            android:exported="false" >
226-->[androidx.work:work-runtime:2.7.0] AndroidManifest.xml:126:13-37
227            <intent-filter>
227-->[androidx.work:work-runtime:2.7.0] AndroidManifest.xml:128:13-130:29
228                <action android:name="androidx.work.impl.background.systemalarm.UpdateProxies" />
228-->[androidx.work:work-runtime:2.7.0] AndroidManifest.xml:129:17-98
228-->[androidx.work:work-runtime:2.7.0] AndroidManifest.xml:129:25-95
229            </intent-filter>
230        </receiver>
231        <receiver
231-->[androidx.work:work-runtime:2.7.0] AndroidManifest.xml:132:9-142:20
232            android:name="androidx.work.impl.diagnostics.DiagnosticsReceiver"
232-->[androidx.work:work-runtime:2.7.0] AndroidManifest.xml:133:13-78
233            android:directBootAware="false"
233-->[androidx.work:work-runtime:2.7.0] AndroidManifest.xml:134:13-44
234            android:enabled="true"
234-->[androidx.work:work-runtime:2.7.0] AndroidManifest.xml:135:13-35
235            android:exported="true"
235-->[androidx.work:work-runtime:2.7.0] AndroidManifest.xml:136:13-36
236            android:permission="android.permission.DUMP" >
236-->[androidx.work:work-runtime:2.7.0] AndroidManifest.xml:137:13-57
237            <intent-filter>
237-->[androidx.work:work-runtime:2.7.0] AndroidManifest.xml:139:13-141:29
238                <action android:name="androidx.work.diagnostics.REQUEST_DIAGNOSTICS" />
238-->[androidx.work:work-runtime:2.7.0] AndroidManifest.xml:140:17-88
238-->[androidx.work:work-runtime:2.7.0] AndroidManifest.xml:140:25-85
239            </intent-filter>
240        </receiver>
241        <receiver
241-->[androidx.profileinstaller:profileinstaller:1.3.1] AndroidManifest.xml:34:9-52:20
242            android:name="androidx.profileinstaller.ProfileInstallReceiver"
242-->[androidx.profileinstaller:profileinstaller:1.3.1] AndroidManifest.xml:35:13-76
243            android:directBootAware="false"
243-->[androidx.profileinstaller:profileinstaller:1.3.1] AndroidManifest.xml:36:13-44
244            android:enabled="true"
244-->[androidx.profileinstaller:profileinstaller:1.3.1] AndroidManifest.xml:37:13-35
245            android:exported="true"
245-->[androidx.profileinstaller:profileinstaller:1.3.1] AndroidManifest.xml:38:13-36
246            android:permission="android.permission.DUMP" >
246-->[androidx.profileinstaller:profileinstaller:1.3.1] AndroidManifest.xml:39:13-57
247            <intent-filter>
247-->[androidx.profileinstaller:profileinstaller:1.3.1] AndroidManifest.xml:40:13-42:29
248                <action android:name="androidx.profileinstaller.action.INSTALL_PROFILE" />
248-->[androidx.profileinstaller:profileinstaller:1.3.1] AndroidManifest.xml:41:17-91
248-->[androidx.profileinstaller:profileinstaller:1.3.1] AndroidManifest.xml:41:25-88
249            </intent-filter>
250            <intent-filter>
250-->[androidx.profileinstaller:profileinstaller:1.3.1] AndroidManifest.xml:43:13-45:29
251                <action android:name="androidx.profileinstaller.action.SKIP_FILE" />
251-->[androidx.profileinstaller:profileinstaller:1.3.1] AndroidManifest.xml:44:17-85
251-->[androidx.profileinstaller:profileinstaller:1.3.1] AndroidManifest.xml:44:25-82
252            </intent-filter>
253            <intent-filter>
253-->[androidx.profileinstaller:profileinstaller:1.3.1] AndroidManifest.xml:46:13-48:29
254                <action android:name="androidx.profileinstaller.action.SAVE_PROFILE" />
254-->[androidx.profileinstaller:profileinstaller:1.3.1] AndroidManifest.xml:47:17-88
254-->[androidx.profileinstaller:profileinstaller:1.3.1] AndroidManifest.xml:47:25-85
255            </intent-filter>
256            <intent-filter>
256-->[androidx.profileinstaller:profileinstaller:1.3.1] AndroidManifest.xml:49:13-51:29
257                <action android:name="androidx.profileinstaller.action.BENCHMARK_OPERATION" />
257-->[androidx.profileinstaller:profileinstaller:1.3.1] AndroidManifest.xml:50:17-95
257-->[androidx.profileinstaller:profileinstaller:1.3.1] AndroidManifest.xml:50:25-92
258            </intent-filter>
259        </receiver>
260
261        <service
261-->[androidx.room:room-runtime:2.2.5] AndroidManifest.xml:25:9-28:40
262            android:name="androidx.room.MultiInstanceInvalidationService"
262-->[androidx.room:room-runtime:2.2.5] AndroidManifest.xml:26:13-74
263            android:directBootAware="true"
263-->[androidx.room:room-runtime:2.2.5] AndroidManifest.xml:27:13-43
264            android:exported="false" />
264-->[androidx.room:room-runtime:2.2.5] AndroidManifest.xml:28:13-37
265    </application>
266
267</manifest>